0 info it worked if it ends with ok
1 verbose cli [ 'D:\\node.exe',
1 verbose cli   'C:\\Users\\Administrator\\AppData\\Roaming\\npm\\node_modules\\npm\\bin\\npm-cli.js',
1 verbose cli   'run',
1 verbose cli   'test' ]
2 info using npm@3.10.10
3 info using node@v4.6.0
4 verbose run-script [ 'pretest', 'test', 'posttest' ]
5 info lifecycle react-one@1.0.0~pretest: react-one@1.0.0
6 silly lifecycle react-one@1.0.0~pretest: no script for pretest, continuing
7 info lifecycle react-one@1.0.0~test: react-one@1.0.0
8 verbose lifecycle react-one@1.0.0~test: unsafe-perm in lifecycle true
9 verbose lifecycle react-one@1.0.0~test: PATH: C:\Users\Administrator\AppData\Roaming\npm\node_modules\npm\bin\node-gyp-bin;D:\Desktop\react-one\node_modules\.bin;D:\Ruby23-x64\bin;C:\Windows\system32;C:\Windows;C:\Windows\System32\Wbem;C:\Windows\System32\WindowsPowerShell\v1.0\;D:\;D:\mongodb\bin;D:\Git\cmd;C:\Users\Administrator\AppData\Roaming\npm
10 verbose lifecycle react-one@1.0.0~test: CWD: D:\Desktop\react-one
11 silly lifecycle react-one@1.0.0~test: Args: [ '/d /s /c', 'echo "Error: no test specified" && exit 1' ]
12 silly lifecycle react-one@1.0.0~test: Returned: code: 1  signal: null
13 info lifecycle react-one@1.0.0~test: Failed to exec test script
14 verbose stack Error: react-one@1.0.0 test: `echo "Error: no test specified" && exit 1`
14 verbose stack Exit status 1
14 verbose stack     at EventEmitter.<anonymous> (C:\Users\Administrator\AppData\Roaming\npm\node_modules\npm\lib\utils\lifecycle.js:255:16)
14 verbose stack     at emitTwo (events.js:87:13)
14 verbose stack     at EventEmitter.emit (events.js:172:7)
14 verbose stack     at ChildProcess.<anonymous> (C:\Users\Administrator\AppData\Roaming\npm\node_modules\npm\lib\utils\spawn.js:40:14)
14 verbose stack     at emitTwo (events.js:87:13)
14 verbose stack     at ChildProcess.emit (events.js:172:7)
14 verbose stack     at maybeClose (internal/child_process.js:829:16)
14 verbose stack     at Process.ChildProcess._handle.onexit (internal/child_process.js:211:5)
15 verbose pkgid react-one@1.0.0
16 verbose cwd D:\Desktop\react-one
17 error Windows_NT 6.1.7601
18 error argv "D:\\node.exe" "C:\\Users\\Administrator\\AppData\\Roaming\\npm\\node_modules\\npm\\bin\\npm-cli.js" "run" "test"
19 error node v4.6.0
20 error npm  v3.10.10
21 error code ELIFECYCLE
22 error react-one@1.0.0 test: `echo "Error: no test specified" && exit 1`
22 error Exit status 1
23 error Failed at the react-one@1.0.0 test script 'echo "Error: no test specified" && exit 1'.
23 error Make sure you have the latest version of node.js and npm installed.
23 error If you do, this is most likely a problem with the react-one package,
23 error not with npm itself.
23 error Tell the author that this fails on your system:
23 error     echo "Error: no test specified" && exit 1
23 error You can get information on how to open an issue for this project with:
23 error     npm bugs react-one
23 error Or if that isn't available, you can get their info via:
23 error     npm owner ls react-one
23 error There is likely additional logging output above.
24 verbose exit [ 1, true ]
